<?xml version="1.0" encoding="UTF-8"?>
<testng-results skipped="0" failed="0" total="1" passed="1">
  <reporter-output>
  </reporter-output>
  <suite name="Default suite" duration-ms="8727" started-at="2017-04-20T08:34:01Z" finished-at="2017-04-20T08:34:10Z">
    <groups>
    </groups>
    <test name="Default test" duration-ms="8727" started-at="2017-04-20T08:34:01Z" finished-at="2017-04-20T08:34:10Z">
      <class name="day20.Cookies1">
        <test-method status="PASS" signature="f()[pri:0, instance:day20.Cookies1@3a3e8692]" name="f" duration-ms="8712" started-at="2017-04-20T14:04:01Z" finished-at="2017-04-20T14:04:10Z">
          <reporter-output>
          </reporter-output>
        </test-method> <!-- f -->
      </class> <!-- day20.Cookies1 -->
    </test> <!-- Default test -->
  </suite> <!-- Default suite -->
</testng-results>
